<?xml version="1.0" encoding="UTF-8"?>
<testng-results skipped="0" failed="0" total="1" passed="1">
  <reporter-output>
  </reporter-output>
  <suite name="Default suite" duration-ms="23552" started-at="2024-08-24T01:49:20Z" finished-at="2024-08-24T01:49:43Z">
    <groups>
    </groups>
    <test name="Default test" duration-ms="23552" started-at="2024-08-24T01:49:20Z" finished-at="2024-08-24T01:49:43Z">
      <class name="javapkg.ScreenShotDemo2">
        <test-method status="PASS" signature="screenshotdemo2()[pri:0, instance:javapkg.ScreenShotDemo2@6b71769e]" name="screenshotdemo2" duration-ms="23521" started-at="2024-08-24T07:19:20Z" finished-at="2024-08-24T07:19:43Z">
          <reporter-output>
          </reporter-output>
        </test-method> <!-- screenshotdemo2 -->
      </class> <!-- javapkg.ScreenShotDemo2 -->
    </test> <!-- Default test -->
  </suite> <!-- Default suite -->
</testng-results>
